Arguments: 
  D:\软件\node.exe C:\Users\Administrator\AppData\Roaming\npm\node_modules\yarn\bin\yarn.js add –dev html-webpack-plugin@next

PATH: 
  C:\Windows\system32;C:\Windows;C:\Windows\System32\Wbem;C:\Windows\System32\WindowsPowerShell\v1.0\;C:\Windows\System32\OpenSSH\;D:\软件\;;;:\软件\Git\cmd;;;C:\Program Files\Git\cmd;C:\Users\Administrator\AppData\Local\Microsoft\WindowsApps;;D:\软件\Microsoft VS Code\bin;C:\Users\Administrator\AppData\Roaming\npm

Yarn version: 
  1.13.0

Node version: 
  8.12.0

Platform: 
  win32 x64

Trace: 
  Error: https://registry.yarnpkg.com/–dev: Not found
      at Request.params.callback [as _callback] (C:\Users\Administrator\AppData\Roaming\npm\node_modules\yarn\lib\cli.js:66255:18)
      at Request.self.callback (C:\Users\Administrator\AppData\Roaming\npm\node_modules\yarn\lib\cli.js:129397:22)
      at emitTwo (events.js:126:13)
      at Request.emit (events.js:214:7)
      at Request.<anonymous> (C:\Users\Administrator\AppData\Roaming\npm\node_modules\yarn\lib\cli.js:130369:10)
      at emitOne (events.js:116:13)
      at Request.emit (events.js:211:7)
      at IncomingMessage.<anonymous> (C:\Users\Administrator\AppData\Roaming\npm\node_modules\yarn\lib\cli.js:130291:12)
      at Object.onceWrapper (events.js:313:30)
      at emitNone (events.js:111:20)

npm manifest: 
  {
    "name": "create-webpack4",
    "version": "1.0.0",
    "description": "",
    "main": "index.js",
    "scripts": {
      "build": "webpack --config=config/webpack.dev.js",
      "test": "echo \"Error: no test specified\" && exit 1",
      "server": "webpack-dev-server --config=config/webpack.dev.js"
    },
    "repository": {
      "type": "git",
      "url": "git+https://github.com/wangk2/create-webpack4.git"
    },
    "keywords": [],
    "author": "wangk2",
    "license": "ISC",
    "bugs": {
      "url": "https://github.com/wangk2/create-webpack4/issues"
    },
    "homepage": "https://github.com/wangk2/create-webpack4#readme",
    "devDependencies": {
      "css-loader": "^2.1.0",
      "html-webpack-plugin": "^2.30.1",
      "style-loader": "^0.23.1",
      "uglifyjs-webpack-plugin": "^2.1.1",
      "webpack-cli": "^3.2.1"
    },
    "dependencies": {
      "webpack": "^4.29.0"
    }
  }

yarn manifest: 
  No manifest

Lockfile: 
  No lockfile
